Phidget InterfaceKit 8/8/8     125408 attached!
-- Max dist : 0.586344 
-- Min dist : 0.048318 
Area1: 78077.609645
Area2: 79556.229680
Match
-- Max dist : 0.615903 
-- Min dist : 0.071659 
Area1: 75250.158895
Area2: 77166.985997
Match
-- Max dist : 0.618310 
-- Min dist : 0.062920 
Area1: 75236.191243
Area2: 76212.047651
Match
-- Max dist : 0.691404 
-- Min dist : 0.210051 
Area1: 0.069845
Area2: 0.046554
Nope :(
-- Max dist : 0.680507 
-- Min dist : 0.188752 
Area1: 1.361459
Area2: 1.966296
Nope :(
-- Max dist : 0.573915 
-- Min dist : 0.087649 
Area1: 84745.022311
Area2: 64112.049730
Match
-- Max dist : 0.525509 
-- Min dist : 0.082228 
Area1: 88223.583063
Area2: 64234.562652
Match
-- Max dist : 0.541844 
-- Min dist : 0.083163 
Area1: 86896.131721
Area2: 66603.872093
Match
-- Max dist : 0.558190 
-- Min dist : 0.170580 
Area1: 0.048774
Area2: 0.000327
Nope :(
-- Max dist : 0.556191 
-- Min dist : 0.166267 
Area1: 0.104500
Area2: 0.158403
Nope :(
-- Max dist : 0.571556 
-- Min dist : 0.168597 
Area1: 0.107085
Area2: 0.869018
Nope :(
-- Max dist : 0.507262 
-- Min dist : 0.088994 
Area1: 1499.741156
Area2: 6885.290055
Nope :(
-- Max dist : 0.508575 
-- Min dist : 0.089300 
Area1: 13939478.798710
Area2: 725.724786
Nope :(
-- Max dist : 0.547289 
-- Min dist : 0.089738 
Area1: 10.265053
Area2: 18.759837
Nope :(
-- Max dist : 0.521683 
-- Min dist : 0.087708 
Area1: 0.893672
Area2: 87.666335
Nope :(
-- Max dist : 0.624536 
-- Min dist : 0.073418 
Area1: 203437.482333
Area2: 198073.816798
Match
-- Max dist : 0.542948 
-- Min dist : 0.064667 
Area1: 202148.828689
Area2: 198208.686580
Match
-- Max dist : 0.598768 
-- Min dist : 0.053852 
Area1: 201621.373887
Area2: 199109.168954
Match
-- Max dist : 0.511672 
-- Min dist : 0.088835 
Area1: 0.136886
Area2: 9.441544
Nope :(
-- Max dist : 0.537784 
-- Min dist : 0.088659 
Area1: 146.704954
Area2: 1.478019
Nope :(
-- Max dist : 0.519431 
-- Min dist : 0.096456 
Area1: 0.000639
Area2: 0.596425
Nope :(
-- Max dist : 0.516781 
-- Min dist : 0.085061 
Area1: 59633.313253
Area2: 68136.505754
Match
-- Max dist : 0.519829 
-- Min dist : 0.083561 
Area1: 54175.721548
Area2: 62822.183531
Match
-- Max dist : 0.561580 
-- Min dist : 0.064269 
Area1: 87419.276614
Area2: 92035.799012
Match
-- Max dist : 0.551550 
-- Min dist : 0.096663 
Area1: 192.038188
Area2: 1378.723443
Nope :(
-- Max dist : 0.536756 
-- Min dist : 0.094264 
Area1: 70.835585
Area2: 12079.789240
Nope :(
-- Max dist : 0.742459 
-- Min dist : 0.140890 
Area1: 5.929607
Area2: 0.214891
Nope :(
-- Max dist : 0.551970 
-- Min dist : 0.074735 
Area1: 68457.862747
Area2: 69188.791169
Match
-- Max dist : 0.585340 
-- Min dist : 0.072686 
Area1: 67791.022022
Area2: 69122.884306
Match
-- Max dist : 0.691708 
-- Min dist : 0.169283 
Area1: 0.012852
Area2: 0.434666
Nope :(
-- Max dist : 0.709790 
-- Min dist : 0.178583 
Area1: 3.953648
Area2: 4934.279975
Nope :(
-- Max dist : 0.731364 
-- Min dist : 0.149671 
Area1: 0.000000
Area2: 0.000043
Nope :(
-- Max dist : 0.583418 
-- Min dist : 0.092985 
Area1: 37788.011030
Area2: 46020.430104
Match
-- Max dist : 0.563674 
-- Min dist : 0.109967 
Area1: 36097.479590
Area2: 44998.970535
Match
-- Max dist : 0.497834 
-- Min dist : 0.124709 
Area1: 38833.978059
Area2: 45637.277170
Match
-- Max dist : 0.563693 
-- Min dist : 0.129878 
Area1: 24.024061
Area2: 75.111202
Nope :(
-- Max dist : 0.762932 
-- Min dist : 0.146778 
Area1: 0.259502
Area2: 0.519213
Nope :(
-- Max dist : 0.769812 
-- Min dist : 0.137460 
Area1: 60.932650
Area2: 34.935394
Nope :(
-- Max dist : 0.741477 
-- Min dist : 0.143247 
Area1: 0.004614
Area2: 21.119454
Nope :(
-- Max dist : 0.717189 
-- Min dist : 0.203357 
Area1: 0.001859
Area2: 0.013548
Nope :(
-- Max dist : 0.689362 
-- Min dist : 0.204909 
Area1: 0.079137
Area2: 0.117280
Nope :(
-- Max dist : 0.721030 
-- Min dist : 0.202709 
Area1: 0.004058
Area2: 2.593072
Nope :(
-- Max dist : 0.725714 
-- Min dist : 0.207727 
Area1: 0.096375
Area2: 9.197091
Nope :(
-- Max dist : 0.748344 
-- Min dist : 0.204422 
Area1: 0.307898
Area2: 1.331961
Nope :(
-- Max dist : 0.715268 
-- Min